[  1%] Built target turtlesim__cpp
[ 11%] Built target turtlesim__rosidl_generator_c
[ 11%] Built target ament_cmake_python_copy_turtlesim
[ 21%] Built target turtlesim__rosidl_typesupport_cpp
[ 31%] Built target turtlesim__rosidl_typesupport_fastrtps_cpp
[ 41%] Built target turtlesim__rosidl_typesupport_introspection_cpp
[ 52%] Built target turtlesim__rosidl_typesupport_introspection_c
[ 61%] Built target turtlesim__rosidl_typesupport_fastrtps_c
[ 71%] Built target turtlesim__rosidl_typesupport_c
[ 73%] Built target draw_square
[ 75%] Built target turtle_teleop_key
[ 75%] Built target turtlesim
[ 77%] Built target mimic
[ 83%] Built target turtlesim_node
[ 84%] Built target turtlesim__py
[ 93%] Built target turtlesim__rosidl_generator_py
[ 95%] Built target turtlesim__rosidl_typesupport_fastrtps_c__pyext
[ 97%] Built target turtlesim__rosidl_typesupport_introspection_c__pyext
[100%] Built target turtlesim__rosidl_typesupport_c__pyext
running egg_info
writing turtlesim.egg-info/PKG-INFO
writing dependency_links to turtlesim.egg-info/dependency_links.txt
writing top-level names to turtlesim.egg-info/top_level.txt
reading manifest file 'turtlesim.egg-info/SOURCES.txt'
writing manifest file 'turtlesim.egg-info/SOURCES.txt'
[100%] Built target ament_cmake_python_build_turtlesim_egg
Traceback (most recent call last):
  File "/usr/lib/python3/dist-packages/colcon_parallel_executor/executor/parallel.py", line 67, in execute
    loop.run_until_complete(future)
  File "/usr/lib/python3.10/asyncio/base_events.py", line 636, in run_until_complete
    self.run_forever()
  File "/usr/lib/python3.10/asyncio/base_events.py", line 603, in run_forever
    self._run_once()
  File "/usr/lib/python3.10/asyncio/base_events.py", line 1871, in _run_once
    event_list = self._selector.select(timeout)
  File "/usr/lib/python3.10/selectors.py", line 453, in select
    if timeout is None:
KeyboardInterrupt

During handling of the above exception, another exception occurred:

Traceback (most recent call last):
  File "/usr/lib/python3/dist-packages/colcon_core/executor/__init__.py", line 91, in __call__
    rc = await self.task(*args, **kwargs)
  File "/usr/lib/python3/dist-packages/colcon_core/task/__init__.py", line 93, in __call__
    return await task_method(*args, **kwargs)
  File "/usr/lib/python3/dist-packages/colcon_ros/task/ament_cmake/build.py", line 59, in build
    rc = await extension.build(
  File "/usr/lib/python3/dist-packages/colcon_cmake/task/cmake/build.py", line 110, in build
    if await has_target(args.build_base, 'install'):
  File "/usr/lib/python3/dist-packages/colcon_cmake/task/cmake/__init__.py", line 57, in has_target
    return target in await get_makefile_targets(path)
  File "/usr/lib/python3/dist-packages/colcon_cmake/task/cmake/__init__.py", line 77, in get_makefile_targets
    output = await check_output([
  File "/usr/lib/python3/dist-packages/colcon_core/subprocess.py", line 128, in check_output
    assert not rc, f'Expected {args} to pass: {stderr_data}'
AssertionError: Expected ['/usr/bin/cmake', '--build', '/home/msc-mixex-reality/UDPSimulatorNode/ros2_ws/build/turtlesim', '--target', 'help'] to pass: gmake: *** [Makefile:2313: help] Interrupt

