[0.019s] Invoking command in '/home/msc-mixex-reality/UDPSimulatorNode/ros2_ws/build/turtlesim': CMAKE_PREFIX_PATH=${CMAKE_PREFIX_PATH}:/opt/ros/humble /usr/bin/cmake --build /home/msc-mixex-reality/UDPSimulatorNode/ros2_ws/build/turtlesim -- -j8 -l8
[0.080s] [  1%] Built target turtlesim__cpp
[0.086s] [ 11%] Built target turtlesim__rosidl_generator_c
[0.099s] [ 11%] Built target ament_cmake_python_copy_turtlesim
[0.126s] [ 21%] Built target turtlesim__rosidl_typesupport_cpp
[0.133s] [ 31%] Built target turtlesim__rosidl_typesupport_fastrtps_cpp
[0.137s] [ 41%] Built target turtlesim__rosidl_typesupport_introspection_cpp
[0.139s] [ 52%] Built target turtlesim__rosidl_typesupport_introspection_c
[0.140s] [ 61%] Built target turtlesim__rosidl_typesupport_fastrtps_c
[0.150s] [ 71%] Built target turtlesim__rosidl_typesupport_c
[0.179s] [ 73%] Built target draw_square
[0.180s] [ 75%] Built target turtle_teleop_key
[0.183s] [ 75%] Built target turtlesim
[0.186s] [ 77%] Built target mimic
[0.189s] [ 83%] Built target turtlesim_node
[0.214s] [ 84%] Built target turtlesim__py
[0.241s] [ 93%] Built target turtlesim__rosidl_generator_py
[0.267s] [ 95%] Built target turtlesim__rosidl_typesupport_fastrtps_c__pyext
[0.271s] [ 97%] Built target turtlesim__rosidl_typesupport_introspection_c__pyext
[0.277s] [100%] Built target turtlesim__rosidl_typesupport_c__pyext
[0.425s] running egg_info
[0.426s] writing turtlesim.egg-info/PKG-INFO
[0.426s] writing dependency_links to turtlesim.egg-info/dependency_links.txt
[0.427s] writing top-level names to turtlesim.egg-info/top_level.txt
[0.429s] reading manifest file 'turtlesim.egg-info/SOURCES.txt'
[0.430s] writing manifest file 'turtlesim.egg-info/SOURCES.txt'
[0.465s] [100%] Built target ament_cmake_python_build_turtlesim_egg
[0.479s] Invoked command in '/home/msc-mixex-reality/UDPSimulatorNode/ros2_ws/build/turtlesim' returned '0': CMAKE_PREFIX_PATH=${CMAKE_PREFIX_PATH}:/opt/ros/humble /usr/bin/cmake --build /home/msc-mixex-reality/UDPSimulatorNode/ros2_ws/build/turtlesim -- -j8 -l8
[0.557s] Traceback (most recent call last):
  File "/usr/lib/python3/dist-packages/colcon_parallel_executor/executor/parallel.py", line 67, in execute
    loop.run_until_complete(future)
  File "/usr/lib/python3.10/asyncio/base_events.py", line 636, in run_until_complete
    self.run_forever()
  File "/usr/lib/python3.10/asyncio/base_events.py", line 603, in run_forever
    self._run_once()
  File "/usr/lib/python3.10/asyncio/base_events.py", line 1871, in _run_once
    event_list = self._selector.select(timeout)
  File "/usr/lib/python3.10/selectors.py", line 453, in select
    if timeout is None:
KeyboardInterrupt

During handling of the above exception, another exception occurred:

Traceback (most recent call last):
  File "/usr/lib/python3/dist-packages/colcon_core/executor/__init__.py", line 91, in __call__
    rc = await self.task(*args, **kwargs)
  File "/usr/lib/python3/dist-packages/colcon_core/task/__init__.py", line 93, in __call__
    return await task_method(*args, **kwargs)
  File "/usr/lib/python3/dist-packages/colcon_ros/task/ament_cmake/build.py", line 59, in build
    rc = await extension.build(
  File "/usr/lib/python3/dist-packages/colcon_cmake/task/cmake/build.py", line 110, in build
    if await has_target(args.build_base, 'install'):
  File "/usr/lib/python3/dist-packages/colcon_cmake/task/cmake/__init__.py", line 57, in has_target
    return target in await get_makefile_targets(path)
  File "/usr/lib/python3/dist-packages/colcon_cmake/task/cmake/__init__.py", line 77, in get_makefile_targets
    output = await check_output([
  File "/usr/lib/python3/dist-packages/colcon_core/subprocess.py", line 128, in check_output
    assert not rc, f'Expected {args} to pass: {stderr_data}'
AssertionError: Expected ['/usr/bin/cmake', '--build', '/home/msc-mixex-reality/UDPSimulatorNode/ros2_ws/build/turtlesim', '--target', 'help'] to pass: gmake: *** [Makefile:2313: help] Interrupt

